<?xml version="1.0" encoding="UTF-8"?>
<!-- Generated by org.testng.reporters.JUnitXMLReporter -->
<testsuite ignored="4" hostname="DESKTOP-M95R1NL" failures="0" tests="1" name="Default test" time="9.952" errors="0" timestamp="26 Sep 2021 22:44:46 GMT">
  <testcase classname="testcases.Search_testcases" name="timeOfResults_displayed" time="3.053"/>
  <testcase classname="testcases.Search_testcases" name="numberOfResults_displayed" time="0.0">
    <ignored/>
  </testcase> <!-- numberOfResults_displayed -->
  <testcase classname="testcases.Search_testcases" name="search_done_by_button" time="0.0">
    <ignored/>
  </testcase> <!-- search_done_by_button -->
  <testcase classname="testcases.Search_testcases" name="search_done_by_enter" time="0.0">
    <ignored/>
  </testcase> <!-- search_done_by_enter -->
  <testcase classname="testcases.Search_testcases" name="logo_and_searchbox_displayed" time="0.0">
    <ignored/>
  </testcase> <!-- logo_and_searchbox_displayed -->
</testsuite> <!-- Default test -->
